2024-10-18 14:50:17.417 [info] [main] Log level: Info
2024-10-18 14:50:17.417 [info] [main] Validating found git in: "git"
2024-10-18 14:50:18.017 [info] [main] Using git "2.40.1" from "git"
2024-10-18 14:50:18.017 [info] [Model][doInitialScan] Initial repository scan started
2024-10-18 14:50:18.044 [info] > git rev-parse --show-toplevel [10ms]
2024-10-18 14:50:18.044 [info] fatal: not a git repository (or any of the parent directories): .git
2024-10-18 14:50:18.337 [info] > git rev-parse --show-toplevel [42ms]
2024-10-18 14:50:18.337 [info] fatal: not a git repository (or any of the parent directories): .git
2024-10-18 14:50:18.341 [info] [Model][doInitialScan] Initial repository scan completed - repositories (0), closed repositories (0), parent repositories (0), unsafe repositories (0)
2024-10-18 14:50:22.240 [info] > git rev-parse --show-toplevel [2ms]
2024-10-18 14:50:22.240 [info] fatal: not a git repository (or any of the parent directories): .git
2024-10-18 14:50:28.981 [info] > git rev-parse --show-toplevel [3ms]
2024-10-18 14:50:28.981 [info] fatal: not a git repository (or any of the parent directories): .git
2024-10-18 14:50:31.917 [info] > git rev-parse --show-toplevel [1ms]
2024-10-18 14:50:31.917 [info] fatal: not a git repository (or any of the parent directories): .git
2024-10-18 14:50:38.210 [info] > git rev-parse --show-toplevel [2ms]
2024-10-18 14:50:38.210 [info] fatal: not a git repository (or any of the parent directories): .git
2024-10-18 14:50:57.553 [info] > git rev-parse --show-toplevel [1ms]
2024-10-18 14:50:57.553 [info] fatal: not a git repository (or any of the parent directories): .git
2024-10-18 14:51:04.804 [info] > git rev-parse --show-toplevel [2ms]
2024-10-18 14:51:04.805 [info] fatal: not a git repository (or any of the parent directories): .git
2024-10-18 14:51:11.868 [info] > git rev-parse --show-toplevel [2ms]
2024-10-18 14:51:11.868 [info] fatal: not a git repository (or any of the parent directories): .git
2024-10-18 14:54:53.542 [info] > git rev-parse --show-toplevel [4ms]
2024-10-18 14:54:53.542 [info] fatal: not a git repository (or any of the parent directories): .git
2024-10-18 14:54:55.468 [info] > git rev-parse --show-toplevel [2ms]
2024-10-18 14:54:55.468 [info] fatal: not a git repository (or any of the parent directories): .git
2024-10-18 14:54:58.850 [info] > git rev-parse --show-toplevel [2ms]
2024-10-18 14:54:58.850 [info] fatal: not a git repository (or any of the parent directories): .git
2024-10-18 14:55:02.792 [info] > git rev-parse --show-toplevel [3ms]
2024-10-18 14:55:02.792 [info] fatal: not a git repository (or any of the parent directories): .git
2024-10-18 14:56:09.093 [info] > git rev-parse --show-toplevel [3ms]
2024-10-18 14:56:09.093 [info] fatal: not a git repository (or any of the parent directories): .git
2024-10-18 14:56:58.714 [info] > git rev-parse --show-toplevel [2ms]
2024-10-18 14:56:58.715 [info] fatal: not a git repository (or any of the parent directories): .git
2024-10-18 15:09:43.412 [info] > git rev-parse --show-toplevel [2ms]
2024-10-18 15:09:43.412 [info] fatal: not a git repository (or any of the parent directories): .git
2024-10-18 15:09:45.741 [info] > git rev-parse --show-toplevel [1ms]
2024-10-18 15:09:45.742 [info] fatal: not a git repository (or any of the parent directories): .git
